hlcsg v3.4 VL33 (Feb  2 2014)
Zoner's Half-Life Compilation Tools -- Custom Build
Based on code modifications by Sean 'Zoner' Cavanaugh
Based on Valve's version, modified with permission.
Submit detailed bug reports to (vluzacn@163.com)
-----  BEGIN  hlcsg -----
Command line: "D:/Program Files/J.A.C.K/halflife/hlcsg.exe" "D:\Program Files\Steam\steamapps\common\Half-Life\creaTive\maps\the_cube_ultimate" 
Arguments: "D:\Program Files\Steam\steamapps\common\Half-Life\creaTive\maps\the_cube_ultimate" -low -wadautodetect 
Entering D:\Program Files\Steam\steamapps\common\Half-Life\creaTive\maps\the_cube_ultimate.map

Current hlcsg Settings
Name                 |  Setting  |  Default
---------------------|-----------|-------------------------
threads               [       2 ] [  Varies ]
verbose               [     off ] [     off ]
log                   [      on ] [      on ]
reset logfile         [      on ] [      on ]
developer             [       0 ] [       0 ]
chart                 [     off ] [     off ]
estimate              [     off ] [     off ]
max texture memory    [ 33554432 ] [ 33554432 ]
max lighting memory   [ 50331648 ] [ 50331648 ]
priority              [     Low ] [  Normal ]

noclip                [     off ] [     off ]
null texture stripping[      on ] [      on ]
clipnode economy mode [     off ] [     off ]
clip hull type        [  simple ] [  simple ]
onlyents              [     off ] [     off ]
wadtextures           [      on ] [      on ]
skyclip               [      on ] [      on ]
hullfile              [    None ] [    None ]
wad configuration file[    None ] [    None ]
wad.cfg group name    [    None ] [    None ]
nullfile              [    None ] [    None ]
nullify trigger       [      on ] [      on ]
min surface area      [   0.000 ] [   0.000 ]
brush union threshold [   0.000 ] [   0.000 ]
map scaling           [    None ] [    None ]
light name optimize   [      on ] [      on ]
UTF8 game_text        [      on ] [      on ]

Using mapfile wad configuration
Wadfiles not in use by the map will be excluded
Wadinclude list :
[zhlt.wad]

CreateBrush:
 (0.04 seconds)
CSGBrush:
 (0.02 seconds)

Using Wadfile: \Program Files\Steam\steamapps\common\Half-Life\valve\creative.wad
 - Contains 2 used textures, 33.33 percent of map (2 textures in wad)
Using Wadfile: \Program Files\Steam\steamapps\common\Half-Life\valve\halflife.wad
 - Contains 4 used textures, 66.67 percent of map (3116 textures in wad)

Wad files required to run the map: "creative.wad;halflife.wad;"
Texture usage is at 0.24 mb (of 32.00 mb MAX)
0.38 seconds elapsed

-----   END   hlcsg -----



hlbsp v3.4 VL33 (Feb  2 2014)
Zoner's Half-Life Compilation Tools -- Custom Build
Based on code modifications by Sean 'Zoner' Cavanaugh
Based on Valve's version, modified with permission.
Submit detailed bug reports to (vluzacn@163.com)
-----  BEGIN  hlbsp -----
Command line: "D:/Program Files/J.A.C.K/halflife/hlbsp.exe" "D:\Program Files\Steam\steamapps\common\Half-Life\creaTive\maps\the_cube_ultimate" 
Arguments: "D:\Program Files\Steam\steamapps\common\Half-Life\creaTive\maps\the_cube_ultimate" -low -chart 

Current hlbsp Settings
Name               |  Setting  |  Default
-------------------|-----------|-------------------------
threads             [       2 ] [  Varies ]
verbose             [     off ] [     off ]
log                 [      on ] [      on ]
developer           [       0 ] [       0 ]
chart               [      on ] [     off ]
estimate            [     off ] [     off ]
max texture memory  [ 33554432 ] [ 33554432 ]
priority            [     Low ] [  Normal ]

noclip              [     off ] [     off ]
nofill              [     off ] [     off ]
noinsidefill        [     off ] [     off ]
noopt               [     off ] [     off ]
no clipnode merging [     off ] [     off ]
null tex. stripping [      on ] [      on ]
notjunc             [     off ] [     off ]
nobrink             [     off ] [     off ]
subdivide size      [     240 ] [     240 ] (Min 64) (Max 512)
max node size       [    1024 ] [    1024 ] (Min 64) (Max 65536)
remove hull 2       [     off ] [     off ]


SolidBSP [hull 0] 58 (0.02 seconds)
BSP generation successful, writing portal file 'D:\Program Files\Steam\steamapps\common\Half-Life\creaTive\maps\the_cube_ultimate.prt'
SolidBSP [hull 1] 62 (0.03 seconds)
SolidBSP [hull 2] 57 (0.01 seconds)
SolidBSP [hull 3] 62 (0.01 seconds)
Reduced 108 clipnodes to 108
Reduced 24 texinfos to 12
Reduced 6 texdatas to 6 (268 bytes to 268)
Reduced 206 planes to 71
FixBrinks:
Increased 108 clipnodes to 108.

Object names  Objects/Maxobjs  Memory / Maxmem  Fullness
------------  ---------------  ---------------  --------
models              2/512          128/32768    ( 0.4%)
planes             71/32768       1420/655360   ( 0.2%)
vertexes          270/65535       3240/786420   ( 0.4%)
nodes              36/32767        864/786408   ( 0.1%)
texinfos           12/32767        480/1310680  ( 0.0%)
faces             221/65535       4420/1310700  ( 0.3%)
* worldfaces      221/32768          0/0        ( 0.7%)
clipnodes         108/32767        864/262136   ( 0.3%)
leaves             20/32760        560/917280   ( 0.1%)
* worldleaves      13/8192           0/0        ( 0.2%)
marksurfaces      250/65535        500/131070   ( 0.4%)
surfedges         982/512000      3928/2048000  ( 0.2%)
edges             492/256000      1968/1024000  ( 0.2%)
texdata          [variable]        268/33554432 ( 0.0%)
lightdata        [variable]          0/50331648 ( 0.0%)
visdata          [variable]          0/8388608  ( 0.0%)
entdata          [variable]      22349/2097152  ( 1.1%)
* AllocBlock        3/64             0/0        ( 4.7%)
6 textures referenced
=== Total BSP file data space used: 40989 bytes ===
Wad files required to run the map: "creative.wad;halflife.wad;"
0.28 seconds elapsed

-----   END   hlbsp -----



hlvis v3.4 VL33 (Feb  2 2014)
Zoner's Half-Life Compilation Tools -- Custom Build
Based on code modifications by Sean 'Zoner' Cavanaugh
Based on Valve's version, modified with permission.
Submit detailed bug reports to (vluzacn@163.com)
-----  BEGIN  hlvis -----
Command line: "D:/Program Files/J.A.C.K/halflife/hlvis.exe" "D:\Program Files\Steam\steamapps\common\Half-Life\creaTive\maps\the_cube_ultimate" 
Arguments: "D:\Program Files\Steam\steamapps\common\Half-Life\creaTive\maps\the_cube_ultimate" -low 
  13 portalleafs
  27 numportals

-= Current hlvis Settings =-
Name               |  Setting  |  Default
-------------------|-----------|-------------------------
threads             [       2 ] [  Varies ]
verbose             [     off ] [     off ]
log                 [      on ] [      on ]
developer           [       0 ] [       0 ]
chart               [     off ] [     off ]
estimate            [     off ] [     off ]
max texture memory  [ 33554432 ] [ 33554432 ]
max vis distance    [       0 ] [       0 ]
priority            [     Low ] [  Normal ]

fast vis            [     off ] [     off ]
full vis            [     off ] [     off ]


BasePortalVis:
 (0.00 seconds)
LeafThread:
 (0.00 seconds)
average leafs visible: 12
g_visdatasize:26  compressed from 26
0.05 seconds elapsed

-----   END   hlvis -----



