13
27
1
1
1
1
1
1
1
1
1
1
1
1
1
4 0 4 (224.000000 -96.000000 544.000000) (224.000000 -96.000000 672.000000) (224.000000 928.000000 672.000000) (224.000000 928.000000 544.000000) 
4 0 1 (320.000000 928.000000 544.000000) (736.000000 928.000000 544.000000) (736.000000 927.000000 544.000000) (320.000000 927.000000 544.000000) 
4 0 3 (736.000000 -96.000000 544.000000) (224.000000 -96.000000 544.000000) (224.000000 927.000000 544.000000) (736.000000 927.000000 544.000000) 
4 1 2 (320.000000 928.000000 288.000000) (736.000000 928.000000 288.000000) (736.000000 927.000000 288.000000) (320.000000 927.000000 288.000000) 
4 1 3 (736.000000 927.000000 288.000000) (736.000000 927.000000 544.000000) (320.000000 927.000000 544.000000) (320.000000 927.000000 288.000000) 
4 2 9 (224.000000 928.000000 288.000000) (224.000000 928.000000 64.000000) (224.000000 927.000000 64.000000) (224.000000 927.000000 288.000000) 
4 2 3 (736.000000 927.000000 64.000000) (736.000000 927.000000 288.000000) (224.000000 927.000000 288.000000) (224.000000 927.000000 64.000000) 
4 3 9 (224.000000 -96.000000 64.000000) (224.000000 -96.000000 288.000000) (224.000000 927.000000 288.000000) (224.000000 927.000000 64.000000) 
4 3 7 (224.000000 -95.000000 416.000000) (224.000000 927.000000 416.000000) (224.000000 927.000000 288.000000) (224.000000 -95.000000 288.000000) 
4 3 6 (224.000000 -96.000000 416.000000) (224.000000 -96.000000 544.000000) (224.000000 927.000000 544.000000) (224.000000 927.000000 416.000000) 
4 4 10 (-320.000000 -96.000000 672.000000) (-320.000000 928.000000 672.000000) (-320.000000 928.000000 544.000000) (-320.000000 -96.000000 544.000000) 
4 4 6 (224.000000 -96.000000 544.000000) (-96.000000 -96.000000 544.000000) (-96.000000 927.000000 544.000000) (224.000000 927.000000 544.000000) 
4 4 5 (-96.000000 927.000000 544.000000) (-96.000000 928.000000 544.000000) (32.000000 928.000000 544.000000) (32.000000 927.000000 544.000000) 
4 4 8 (-96.000000 -96.000000 544.000000) (-320.000000 -96.000000 544.000000) (-320.000000 928.000000 544.000000) (-96.000000 928.000000 544.000000) 
4 5 9 (-96.000000 928.000000 288.000000) (32.000000 928.000000 288.000000) (32.000000 927.000000 288.000000) (-96.000000 927.000000 288.000000) 
4 5 7 (-96.000000 927.000000 288.000000) (32.000000 927.000000 288.000000) (32.000000 927.000000 416.000000) (-96.000000 927.000000 416.000000) 
4 5 6 (32.000000 927.000000 416.000000) (32.000000 927.000000 544.000000) (-96.000000 927.000000 544.000000) (-96.000000 927.000000 416.000000) 
4 5 8 (-96.000000 928.000000 544.000000) (-96.000000 928.000000 288.000000) (-96.000000 927.000000 288.000000) (-96.000000 927.000000 544.000000) 
4 6 7 (-96.000000 -95.000000 416.000000) (-96.000000 927.000000 416.000000) (224.000000 927.000000 416.000000) (224.000000 -95.000000 416.000000) 
4 6 8 (-96.000000 -96.000000 416.000000) (-96.000000 -96.000000 544.000000) (-96.000000 927.000000 544.000000) (-96.000000 927.000000 416.000000) 
4 7 9 (224.000000 927.000000 288.000000) (224.000000 -95.000000 288.000000) (-96.000000 -95.000000 288.000000) (-96.000000 927.000000 288.000000) 
4 7 8 (-96.000000 927.000000 288.000000) (-96.000000 -95.000000 288.000000) (-96.000000 -95.000000 416.000000) (-96.000000 927.000000 416.000000) 
4 8 10 (-320.000000 928.000000 544.000000) (-320.000000 928.000000 416.000000) (-320.000000 -96.000000 416.000000) (-320.000000 -96.000000 544.000000) 
4 8 9 (-320.000000 -96.000000 288.000000) (-320.000000 928.000000 288.000000) (-96.000000 928.000000 288.000000) (-96.000000 -96.000000 288.000000) 
4 9 12 (-320.000000 928.000000 288.000000) (-320.000000 928.000000 64.000000) (-320.000000 -96.000000 64.000000) (-320.000000 -96.000000 288.000000) 
4 10 11 (-960.000000 -96.000000 416.000000) (-960.000000 928.000000 416.000000) (-512.000000 928.000000 416.000000) (-512.000000 -96.000000 416.000000) 
4 11 12 (-960.000000 -96.000000 288.000000) (-960.000000 928.000000 288.000000) (-512.000000 928.000000 288.000000) (-512.000000 -96.000000 288.000000) 
